{"H:\\Projetos-2022\\React-Udemy\\projects\\src\\index.js": {"path":"H:\\Projetos-2022\\React-Udemy\\projects\\src\\index.js","statementMap":{"0":{"start":{"line":7,"column":0},"end":{"line":12,"column":2}}},"fnMap":{},"branchMap":{},"s":{"0":0},"f":{},"b":{}}
,"H:\\Projetos-2022\\React-Udemy\\projects\\src\\components\\Button\\index.jsx": {"path":"H:\\Projetos-2022\\React-Udemy\\projects\\src\\components\\Button\\index.jsx","statementMap":{"0":{"start":{"line":5,"column":22},"end":{"line":9,"column":1}},"1":{"start":{"line":6,"column":2},"end":{"line":8,"column":11}},"2":{"start":{"line":11,"column":0},"end":{"line":13,"column":1}},"3":{"start":{"line":15,"column":0},"end":{"line":19,"column":1}}},"fnMap":{"0":{"name":"(anonymous_0)","decl":{"start":{"line":5,"column":22},"end":{"line":5,"column":23}},"loc":{"start":{"line":6,"column":2},"end":{"line":8,"column":11}},"line":6}},"branchMap":{"0":{"loc":{"start":{"line":5,"column":40},"end":{"line":5,"column":56}},"type":"default-arg","locations":[{"start":{"line":5,"column":51},"end":{"line":5,"column":56}}],"line":5}},"s":{"0":1,"1":5,"2":1,"3":1},"f":{"0":5},"b":{"0":[0]},"_coverageSchema":"1a1c01bbd47fc00a2c39e90264f33305004495a9","hash":"55b8df9ddb135f0ecbbb007c072b8807a09c2c15"}
,"H:\\Projetos-2022\\React-Udemy\\projects\\src\\components\\PostCard\\index.jsx": {"path":"H:\\Projetos-2022\\React-Udemy\\projects\\src\\components\\PostCard\\index.jsx","statementMap":{"0":{"start":{"line":3,"column":24},"end":{"line":16,"column":1}},"1":{"start":{"line":4,"column":2},"end":{"line":15,"column":4}},"2":{"start":{"line":18,"column":0},"end":{"line":23,"column":1}}},"fnMap":{"0":{"name":"(anonymous_0)","decl":{"start":{"line":3,"column":24},"end":{"line":3,"column":25}},"loc":{"start":{"line":3,"column":56},"end":{"line":16,"column":1}},"line":3}},"branchMap":{},"s":{"0":2,"1":8,"2":2},"f":{"0":8},"b":{},"_coverageSchema":"1a1c01bbd47fc00a2c39e90264f33305004495a9","hash":"4b1732a5db7e308c7498c90d27614c79d1ac838d"}
,"H:\\Projetos-2022\\React-Udemy\\projects\\src\\components\\PostCard\\mock.js": {"path":"H:\\Projetos-2022\\React-Udemy\\projects\\src\\components\\PostCard\\mock.js","statementMap":{"0":{"start":{"line":1,"column":33},"end":{"line":6,"column":1}}},"fnMap":{},"branchMap":{},"s":{"0":1},"f":{},"b":{},"_coverageSchema":"1a1c01bbd47fc00a2c39e90264f33305004495a9","hash":"eab6c6e3a3fb41373892bf7396aaf9ca26d3f470"}
,"H:\\Projetos-2022\\React-Udemy\\projects\\src\\components\\Posts\\index.jsx": {"path":"H:\\Projetos-2022\\React-Udemy\\projects\\src\\components\\Posts\\index.jsx","statementMap":{"0":{"start":{"line":5,"column":21},"end":{"line":17,"column":1}},"1":{"start":{"line":6,"column":2},"end":{"line":16,"column":8}},"2":{"start":{"line":8,"column":6},"end":{"line":14,"column":8}},"3":{"start":{"line":19,"column":0},"end":{"line":21,"column":2}},"4":{"start":{"line":23,"column":0},"end":{"line":31,"column":1}}},"fnMap":{"0":{"name":"(anonymous_0)","decl":{"start":{"line":5,"column":21},"end":{"line":5,"column":22}},"loc":{"start":{"line":6,"column":2},"end":{"line":16,"column":8}},"line":6},"1":{"name":"(anonymous_1)","decl":{"start":{"line":7,"column":15},"end":{"line":7,"column":16}},"loc":{"start":{"line":8,"column":6},"end":{"line":14,"column":8}},"line":8}},"branchMap":{"0":{"loc":{"start":{"line":5,"column":24},"end":{"line":5,"column":34}},"type":"default-arg","locations":[{"start":{"line":5,"column":32},"end":{"line":5,"column":34}}],"line":5}},"s":{"0":1,"1":3,"2":6,"3":1,"4":1},"f":{"0":3,"1":6},"b":{"0":[0]},"_coverageSchema":"1a1c01bbd47fc00a2c39e90264f33305004495a9","hash":"6cf70a925a47d3d584064ed8b9cea5493a5f6ebc"}
,"H:\\Projetos-2022\\React-Udemy\\projects\\src\\components\\TextInput\\index.jsx": {"path":"H:\\Projetos-2022\\React-Udemy\\projects\\src\\components\\TextInput\\index.jsx","statementMap":{"0":{"start":{"line":3,"column":25},"end":{"line":13,"column":1}},"1":{"start":{"line":4,"column":2},"end":{"line":12,"column":4}},"2":{"start":{"line":15,"column":0},"end":{"line":18,"column":1}}},"fnMap":{"0":{"name":"(anonymous_0)","decl":{"start":{"line":3,"column":25},"end":{"line":3,"column":26}},"loc":{"start":{"line":3,"column":60},"end":{"line":13,"column":1}},"line":3}},"branchMap":{},"s":{"0":1,"1":3,"2":1},"f":{"0":3},"b":{},"_coverageSchema":"1a1c01bbd47fc00a2c39e90264f33305004495a9","hash":"a0cbdfde7f4a0cff10bb0aae6e410421af5cf66b"}
,"H:\\Projetos-2022\\React-Udemy\\projects\\src\\components\\templates\\home\\index.jsx": {"path":"H:\\Projetos-2022\\React-Udemy\\projects\\src\\components\\templates\\home\\index.jsx","statementMap":{"0":{"start":{"line":10,"column":20},"end":{"line":71,"column":1}},"1":{"start":{"line":11,"column":28},"end":{"line":11,"column":40}},"2":{"start":{"line":12,"column":34},"end":{"line":12,"column":46}},"3":{"start":{"line":13,"column":26},"end":{"line":13,"column":37}},"4":{"start":{"line":14,"column":25},"end":{"line":14,"column":36}},"5":{"start":{"line":15,"column":40},"end":{"line":15,"column":52}},"6":{"start":{"line":17,"column":26},"end":{"line":21,"column":8}},"7":{"start":{"line":18,"column":27},"end":{"line":18,"column":44}},"8":{"start":{"line":19,"column":4},"end":{"line":19,"column":55}},"9":{"start":{"line":20,"column":4},"end":{"line":20,"column":32}},"10":{"start":{"line":23,"column":2},"end":{"line":26,"column":38}},"11":{"start":{"line":24,"column":4},"end":{"line":24,"column":52}},"12":{"start":{"line":25,"column":4},"end":{"line":25,"column":37}},"13":{"start":{"line":28,"column":24},"end":{"line":36,"column":3}},"14":{"start":{"line":29,"column":21},"end":{"line":29,"column":40}},"15":{"start":{"line":30,"column":22},"end":{"line":30,"column":71}},"16":{"start":{"line":32,"column":4},"end":{"line":32,"column":29}},"17":{"start":{"line":34,"column":4},"end":{"line":34,"column":20}},"18":{"start":{"line":35,"column":4},"end":{"line":35,"column":22}},"19":{"start":{"line":38,"column":23},"end":{"line":41,"column":3}},"20":{"start":{"line":39,"column":22},"end":{"line":39,"column":30}},"21":{"start":{"line":40,"column":4},"end":{"line":40,"column":26}},"22":{"start":{"line":42,"column":22},"end":{"line":42,"column":60}},"23":{"start":{"line":44,"column":24},"end":{"line":48,"column":11}},"24":{"start":{"line":46,"column":8},"end":{"line":46,"column":76}},"25":{"start":{"line":50,"column":2},"end":{"line":70,"column":4}}},"fnMap":{"0":{"name":"(anonymous_0)","decl":{"start":{"line":10,"column":20},"end":{"line":10,"column":21}},"loc":{"start":{"line":10,"column":26},"end":{"line":71,"column":1}},"line":10},"1":{"name":"(anonymous_1)","decl":{"start":{"line":17,"column":38},"end":{"line":17,"column":39}},"loc":{"start":{"line":17,"column":68},"end":{"line":21,"column":3}},"line":17},"2":{"name":"(anonymous_2)","decl":{"start":{"line":23,"column":12},"end":{"line":23,"column":13}},"loc":{"start":{"line":23,"column":18},"end":{"line":26,"column":3}},"line":23},"3":{"name":"(anonymous_3)","decl":{"start":{"line":28,"column":24},"end":{"line":28,"column":25}},"loc":{"start":{"line":28,"column":30},"end":{"line":36,"column":3}},"line":28},"4":{"name":"(anonymous_4)","decl":{"start":{"line":38,"column":23},"end":{"line":38,"column":24}},"loc":{"start":{"line":38,"column":30},"end":{"line":41,"column":3}},"line":38},"5":{"name":"(anonymous_5)","decl":{"start":{"line":45,"column":22},"end":{"line":45,"column":23}},"loc":{"start":{"line":45,"column":32},"end":{"line":47,"column":7}},"line":45}},"branchMap":{"0":{"loc":{"start":{"line":44,"column":24},"end":{"line":48,"column":11}},"type":"cond-expr","locations":[{"start":{"line":45,"column":6},"end":{"line":47,"column":8}},{"start":{"line":48,"column":6},"end":{"line":48,"column":11}}],"line":44},"1":{"loc":{"start":{"line":53,"column":9},"end":{"line":53,"column":63}},"type":"binary-expr","locations":[{"start":{"line":53,"column":9},"end":{"line":53,"column":22}},{"start":{"line":53,"column":26},"end":{"line":53,"column":63}}],"line":53},"2":{"loc":{"start":{"line":57,"column":7},"end":{"line":57,"column":66}},"type":"binary-expr","locations":[{"start":{"line":57,"column":7},"end":{"line":57,"column":31}},{"start":{"line":57,"column":35},"end":{"line":57,"column":66}}],"line":57},"3":{"loc":{"start":{"line":58,"column":7},"end":{"line":58,"column":61}},"type":"binary-expr","locations":[{"start":{"line":58,"column":7},"end":{"line":58,"column":33}},{"start":{"line":58,"column":37},"end":{"line":58,"column":61}}],"line":58},"4":{"loc":{"start":{"line":61,"column":9},"end":{"line":67,"column":9}},"type":"binary-expr","locations":[{"start":{"line":61,"column":9},"end":{"line":61,"column":21}},{"start":{"line":62,"column":10},"end":{"line":66,"column":12}}],"line":61}},"s":{"0":0,"1":0,"2":0,"3":0,"4":0,"5":0,"6":0,"7":0,"8":0,"9":0,"10":0,"11":0,"12":0,"13":0,"14":0,"15":0,"16":0,"17":0,"18":0,"19":0,"20":0,"21":0,"22":0,"23":0,"24":0,"25":0},"f":{"0":0,"1":0,"2":0,"3":0,"4":0,"5":0},"b":{"0":[0,0],"1":[0,0],"2":[0,0],"3":[0,0],"4":[0,0]}}
,"H:\\Projetos-2022\\React-Udemy\\projects\\src\\components\\utils\\load-posts.js": {"path":"H:\\Projetos-2022\\React-Udemy\\projects\\src\\components\\utils\\load-posts.js","statementMap":{"0":{"start":{"line":1,"column":25},"end":{"line":14,"column":1}},"1":{"start":{"line":2,"column":24},"end":{"line":2,"column":75}},"2":{"start":{"line":3,"column":25},"end":{"line":3,"column":77}},"3":{"start":{"line":5,"column":26},"end":{"line":5,"column":76}},"4":{"start":{"line":7,"column":20},"end":{"line":7,"column":38}},"5":{"start":{"line":8,"column":21},"end":{"line":8,"column":40}},"6":{"start":{"line":10,"column":25},"end":{"line":12,"column":4}},"7":{"start":{"line":11,"column":4},"end":{"line":11,"column":53}},"8":{"start":{"line":13,"column":2},"end":{"line":13,"column":24}}},"fnMap":{"0":{"name":"(anonymous_0)","decl":{"start":{"line":1,"column":25},"end":{"line":1,"column":26}},"loc":{"start":{"line":1,"column":37},"end":{"line":14,"column":1}},"line":1},"1":{"name":"(anonymous_1)","decl":{"start":{"line":10,"column":39},"end":{"line":10,"column":40}},"loc":{"start":{"line":10,"column":56},"end":{"line":12,"column":3}},"line":10}},"branchMap":{},"s":{"0":0,"1":0,"2":0,"3":0,"4":0,"5":0,"6":0,"7":0,"8":0},"f":{"0":0,"1":0},"b":{}}
}
